2024-12-23 17:28:53.520 | INFO     | __main__:__init__:16 - Initializing Message Processor
2024-12-23 17:28:53.528 | INFO     | database:setup_database:79 - Database initialized successfully
2024-12-23 17:28:53.528 | INFO     | summarizer_utils:__init__:14 - Initializing summarization models...
2024-12-23 17:29:01.311 | INFO     | summarizer_utils:__init__:31 - Models loaded successfully
2024-12-23 17:29:01.312 | INFO     | __main__:process_messages:23 - Starting message processing
2024-12-23 17:29:01.597 | INFO     | database:fetch_messages:467 - Fetched 11 messages
2024-12-23 17:29:01.642 | INFO     | __main__:_fetch_new_messages:80 - Stored 11 new messages
2024-12-23 17:29:01.642 | INFO     | __main__:_process_messages_by_contact:97 - Processing messages for contact: Me
2024-12-23 17:29:01.644 | INFO     | __main__:_process_messages_by_contact:97 - Processing messages for contact: Sebastian
2024-12-23 17:29:01.645 | INFO     | __main__:_process_messages_by_contact:97 - Processing messages for contact: Daniel Ip
2024-12-23 17:29:01.646 | INFO     | __main__:_generate_weekly_summaries:128 - Generating weekly summaries from 2017-10-15 10:59:54 to now
2024-12-23 17:29:01.646 | INFO     | __main__:_generate_weekly_summaries:136 - Processing week: 2017-10-09 to 2017-10-16
2024-12-23 17:29:01.651 | INFO     | __main__:_generate_weekly_summaries:146 - Found 2 messages for Me in week 2017-10-09
2024-12-23 17:29:13.884 | INFO     | __main__:_generate_weekly_summaries:150 - Generated summary for Me: Me asks him to look at it now. He will do it now, as he needs to know what it is now.    "Ok then"  ...
2024-12-23 17:29:13.886 | INFO     | database:store_weekly_summary:217 - Stored weekly summary for contact 2
2024-12-23 17:29:13.889 | INFO     | __main__:_generate_weekly_summaries:146 - Found 1 messages for Sebastian in week 2017-10-09
2024-12-23 17:29:23.558 | INFO     | __main__:_generate_weekly_summaries:150 - Generated summary for Sebastian: Sebastian doesn't feel like going to the cinema today. He has to study and wants to relax instead.  ...
2024-12-23 17:29:23.559 | INFO     | database:store_weekly_summary:217 - Stored weekly summary for contact 24
2024-12-23 17:29:23.560 | INFO     | __main__:_generate_weekly_summaries:136 - Processing week: 2017-10-16 to 2017-10-23
2024-12-23 17:29:23.562 | INFO     | __main__:_generate_weekly_summaries:146 - Found 3 messages for Me in week 2017-10-16
2024-12-23 17:29:33.201 | INFO     | __main__:_generate_weekly_summaries:150 - Generated summary for Me: Me's dad told him to take out the trash, so he's not going to pick me up. He's talking to his friend...
2024-12-23 17:29:33.202 | INFO     | database:store_weekly_summary:217 - Stored weekly summary for contact 2
2024-12-23 17:29:33.204 | INFO     | __main__:_generate_weekly_summaries:146 - Found 2 messages for Sebastian in week 2017-10-16
2024-12-23 17:29:42.989 | INFO     | __main__:_generate_weekly_summaries:150 - Generated summary for Sebastian: Sebastian wants to block the group chat and ban all of them. He is going to tell Mom and they're goi...
2024-12-23 17:29:42.991 | INFO     | database:store_weekly_summary:217 - Stored weekly summary for contact 24
2024-12-23 17:29:42.992 | INFO     | __main__:_generate_weekly_summaries:136 - Processing week: 2017-10-23 to 2017-10-30
2024-12-23 17:29:42.994 | INFO     | __main__:_generate_weekly_summaries:146 - Found 6 messages for Me in week 2017-10-23
2024-12-23 17:29:52.538 | INFO     | __main__:_generate_weekly_summaries:150 - Generated summary for Me: Me doesn't want to look at the water ball gun because it looks nothing like the real thing. He prefe...
2024-12-23 17:29:52.539 | INFO     | database:store_weekly_summary:217 - Stored weekly summary for contact 2
2024-12-23 17:29:52.541 | INFO     | __main__:_generate_weekly_summaries:136 - Processing week: 2017-10-30 to 2017-11-06
2024-12-23 17:29:52.544 | INFO     | __main__:_generate_weekly_summaries:136 - Processing week: 2017-11-06 to 2017-11-13
2024-12-23 17:29:52.545 | INFO     | __main__:_generate_weekly_summaries:146 - Found 7 messages for Me in week 2017-11-06
2024-12-23 17:30:02.400 | INFO     | __main__:_generate_weekly_summaries:150 - Generated summary for Me: Me got out of the theater and is on his way home. Me and his friends might not have school tomorrow....
2024-12-23 17:30:02.401 | INFO     | database:store_weekly_summary:217 - Stored weekly summary for contact 2
2024-12-23 17:30:02.402 | INFO     | __main__:_generate_weekly_summaries:146 - Found 1 messages for Dad in week 2017-11-06
2024-12-23 17:30:12.212 | INFO     | __main__:_generate_weekly_summaries:150 - Generated summary for Dad: Dad wants to know when his son is coming home, because he doesn't know when he's coming back home.  ...
2024-12-23 17:30:12.213 | INFO     | database:store_weekly_summary:217 - Stored weekly summary for contact 22
2024-12-23 17:30:12.214 | INFO     | __main__:_generate_weekly_summaries:146 - Found 1 messages for Mom in week 2017-11-06
2024-12-23 17:30:22.116 | INFO     | __main__:_generate_weekly_summaries:150 - Generated summary for Mom: Mom wants to know where is her mom. Mom doesn't know where she is. Mom is in Mexico.       Mom's mom...
2024-12-23 17:30:22.118 | INFO     | database:store_weekly_summary:217 - Stored weekly summary for contact 23
2024-12-23 17:30:22.119 | INFO     | __main__:_generate_weekly_summaries:136 - Processing week: 2017-11-13 to 2017-11-20
2024-12-23 17:30:22.121 | INFO     | __main__:_generate_weekly_summaries:146 - Found 1 messages for Mom in week 2017-11-13
2024-12-23 17:30:32.044 | INFO     | __main__:_generate_weekly_summaries:150 - Generated summary for Mom: Mom asks Samy to send her something to eat. Samy will send her a Sacaste a la Samy, as she asked her...
2024-12-23 17:30:32.045 | INFO     | database:store_weekly_summary:217 - Stored weekly summary for contact 23
2024-12-23 17:30:32.046 | INFO     | __main__:_generate_weekly_summaries:136 - Processing week: 2017-11-20 to 2017-11-27
2024-12-23 17:30:32.047 | INFO     | __main__:_generate_weekly_summaries:146 - Found 6 messages for Me in week 2017-11-20
2024-12-23 17:30:41.802 | INFO     | __main__:_generate_weekly_summaries:150 - Generated summary for Me: Me and Cole are going to have a sleepover at Cole's house tomorrow at 10. Me is going to stay there ...
2024-12-23 17:30:41.804 | INFO     | database:store_weekly_summary:217 - Stored weekly summary for contact 2
2024-12-23 17:30:41.805 | INFO     | __main__:_generate_weekly_summaries:146 - Found 4 messages for Mom in week 2017-11-20
2024-12-23 17:30:51.567 | INFO     | __main__:_generate_weekly_summaries:150 - Generated summary for Mom: Mom is looking for Cole. Mom has a new love, Anthony. Mom is going to see Anthony tomorrow. Mom want...
2024-12-23 17:30:51.569 | INFO     | database:store_weekly_summary:217 - Stored weekly summary for contact 23
2024-12-23 17:30:51.570 | INFO     | __main__:_generate_weekly_summaries:136 - Processing week: 2017-11-27 to 2017-12-04
2024-12-23 17:30:51.571 | INFO     | __main__:_generate_weekly_summaries:146 - Found 1 messages for Mom in week 2017-11-27
2024-12-23 17:31:01.480 | INFO     | __main__:_generate_weekly_summaries:150 - Generated summary for Mom: Papá is en the Camino. Mom will inform him when he arrives.    - Mom will send him a message when he...
2024-12-23 17:31:01.482 | INFO     | database:store_weekly_summary:217 - Stored weekly summary for contact 23
2024-12-23 17:31:01.483 | INFO     | __main__:_generate_weekly_summaries:136 - Processing week: 2017-12-04 to 2017-12-11
2024-12-23 17:31:01.484 | INFO     | __main__:_generate_weekly_summaries:146 - Found 2 messages for Me in week 2017-12-04
2024-12-23 17:31:10.875 | INFO     | __main__:_generate_weekly_summaries:150 - Generated summary for Me: Me called the wrong person and is upset about it. He's not happy about it, he's very sad. He feels s...
2024-12-23 17:31:10.876 | INFO     | database:store_weekly_summary:217 - Stored weekly summary for contact 2
2024-12-23 17:31:10.877 | INFO     | __main__:_generate_weekly_summaries:146 - Found 6 messages for Sebastian in week 2017-12-04
2024-12-23 17:31:20.377 | INFO     | __main__:_generate_weekly_summaries:150 - Generated summary for Sebastian: Sebastian is going to call the cops on the kid because he called him. Sebastian knows the kid's name...
2024-12-23 17:31:20.378 | INFO     | database:store_weekly_summary:217 - Stored weekly summary for contact 24
2024-12-23 17:31:20.379 | INFO     | __main__:_generate_weekly_summaries:136 - Processing week: 2017-12-11 to 2017-12-18
2024-12-23 17:31:20.382 | INFO     | __main__:_generate_weekly_summaries:136 - Processing week: 2017-12-18 to 2017-12-25
2024-12-23 17:31:20.383 | INFO     | __main__:_generate_weekly_summaries:146 - Found 3 messages for Me in week 2017-12-18
2024-12-23 17:31:30.179 | INFO     | __main__:_generate_weekly_summaries:150 - Generated summary for Me: The max plus adapter has to be plugged into the computer to use it. It connects to the keyboard on t...
2024-12-23 17:31:30.180 | INFO     | database:store_weekly_summary:217 - Stored weekly summary for contact 2
2024-12-23 17:31:30.182 | INFO     | __main__:_generate_weekly_summaries:136 - Processing week: 2017-12-25 to 2018-01-01
2024-12-23 17:31:30.183 | INFO     | __main__:_generate_weekly_summaries:146 - Found 1 messages for Me in week 2017-12-25
2024-12-23 17:31:40.079 | INFO     | __main__:_generate_weekly_summaries:150 - Generated summary for Me: Me and his friends are having fun together.    - Kyo. Kyo's friends are happy for him.  Kyo is happy...
2024-12-23 17:31:40.080 | INFO     | database:store_weekly_summary:217 - Stored weekly summary for contact 2
2024-12-23 17:31:40.080 | INFO     | __main__:_generate_weekly_summaries:146 - Found 1 messages for Dad in week 2017-12-25
2024-12-23 17:31:49.910 | INFO     | __main__:_generate_weekly_summaries:150 - Generated summary for Dad: Dad wants to watch "Christmas Story" with his son.       Dad wants him to come down and watch it wit...
2024-12-23 17:31:49.912 | INFO     | database:store_weekly_summary:217 - Stored weekly summary for contact 22
2024-12-23 17:31:49.913 | INFO     | __main__:_generate_weekly_summaries:146 - Found 4 messages for Sebastian in week 2017-12-25
2024-12-23 17:31:59.172 | INFO     | __main__:_generate_weekly_summaries:150 - Generated summary for Sebastian: Sebastian has to set something up for PJAS. He tells her to get off her phone because she's addicted...
2024-12-23 17:31:59.173 | INFO     | database:store_weekly_summary:217 - Stored weekly summary for contact 24
2024-12-23 17:31:59.173 | INFO     | __main__:_generate_weekly_summaries:136 - Processing week: 2018-01-01 to 2018-01-08
2024-12-23 17:31:59.174 | INFO     | __main__:_generate_weekly_summaries:146 - Found 11 messages for Me in week 2018-01-01
2024-12-23 17:32:08.344 | INFO     | __main__:_generate_weekly_summaries:150 - Generated summary for Me: Chris and Ryan want to have a sleepover at Me's place. Me is having a lot of fun and wants to go to ...
2024-12-23 17:32:08.345 | INFO     | database:store_weekly_summary:217 - Stored weekly summary for contact 2
2024-12-23 17:32:08.345 | INFO     | __main__:_generate_weekly_summaries:146 - Found 1 messages for Dad in week 2018-01-01
2024-12-23 17:32:18.147 | INFO     | __main__:_generate_weekly_summaries:150 - Generated summary for Dad: Dad asks his daughter to send a text message to mom.       "Send a text to mom".  "I will do that." ...
2024-12-23 17:32:18.148 | INFO     | database:store_weekly_summary:217 - Stored weekly summary for contact 22
2024-12-23 17:32:18.149 | INFO     | __main__:_generate_weekly_summaries:146 - Found 7 messages for Mom in week 2018-01-01
2024-12-23 17:32:27.318 | INFO     | __main__:_generate_weekly_summaries:150 - Generated summary for Mom: Mom has texted her husband, but he hasn't replied yet. Mom has a lot of work to do and needs to talk...
2024-12-23 17:32:27.319 | INFO     | database:store_weekly_summary:217 - Stored weekly summary for contact 23
2024-12-23 17:32:27.320 | INFO     | __main__:_generate_weekly_summaries:136 - Processing week: 2018-01-08 to 2018-01-15
2024-12-23 17:32:27.322 | INFO     | __main__:_generate_weekly_summaries:146 - Found 1 messages for Mom in week 2018-01-08
2024-12-23 17:32:37.193 | INFO     | __main__:_generate_weekly_summaries:150 - Generated summary for Mom: Mom is asking her daughter what is going to happen. She doesn't want to know. She wants to know if i...
2024-12-23 17:32:37.194 | INFO     | database:store_weekly_summary:217 - Stored weekly summary for contact 23
2024-12-23 17:32:37.196 | INFO     | __main__:_generate_weekly_summaries:136 - Processing week: 2018-01-15 to 2018-01-22
2024-12-23 17:32:37.198 | INFO     | __main__:_generate_weekly_summaries:136 - Processing week: 2018-01-22 to 2018-01-29
2024-12-23 17:32:37.199 | INFO     | __main__:_generate_weekly_summaries:146 - Found 6 messages for Me in week 2018-01-22
2024-12-23 17:32:46.713 | INFO     | __main__:_generate_weekly_summaries:150 - Generated summary for Me: Dad is going to walmart to see if they have the headset adapter. Me saw them at walmart and he will ...
2024-12-23 17:32:46.714 | INFO     | database:store_weekly_summary:217 - Stored weekly summary for contact 2
2024-12-23 17:32:46.715 | INFO     | __main__:_generate_weekly_summaries:146 - Found 4 messages for Dad in week 2018-01-22
2024-12-23 17:32:56.194 | INFO     | __main__:_generate_weekly_summaries:150 - Generated summary for Dad: Dad is going to buy a cage for Sammy on eBay. He can't find them at Walmart nor Target, so he decide...
2024-12-23 17:32:56.195 | INFO     | database:store_weekly_summary:217 - Stored weekly summary for contact 22
2024-12-23 17:32:56.196 | INFO     | __main__:_generate_weekly_summaries:136 - Processing week: 2018-01-29 to 2018-02-05
2024-12-23 17:32:56.199 | INFO     | __main__:_generate_weekly_summaries:136 - Processing week: 2018-02-05 to 2018-02-12
2024-12-23 17:32:56.201 | INFO     | __main__:_generate_weekly_summaries:136 - Processing week: 2018-02-12 to 2018-02-19
2024-12-23 17:32:56.202 | INFO     | __main__:_generate_weekly_summaries:146 - Found 4 messages for Me in week 2018-02-12
2024-12-23 17:33:05.905 | INFO     | __main__:_generate_weekly_summaries:150 - Generated summary for Me: It wasn't on the bus. Me is at Alex's house now, but he doesn't know where it is now.    It's probab...
2024-12-23 17:33:05.906 | INFO     | database:store_weekly_summary:217 - Stored weekly summary for contact 2
2024-12-23 17:33:05.907 | INFO     | __main__:_generate_weekly_summaries:146 - Found 3 messages for Mom in week 2018-02-12
2024-12-23 17:33:15.471 | INFO     | __main__:_generate_weekly_summaries:150 - Generated summary for Mom: Mom is in the closet. Mom and Chiquito are going back to the casa. Mom will see her chiquito in a da...
2024-12-23 17:33:15.472 | INFO     | database:store_weekly_summary:217 - Stored weekly summary for contact 23
2024-12-23 17:33:15.473 | INFO     | __main__:_generate_weekly_summaries:136 - Processing week: 2018-02-19 to 2018-02-26
2024-12-23 17:33:15.474 | INFO     | __main__:_generate_weekly_summaries:146 - Found 1 messages for Me in week 2018-02-19
2024-12-23 17:33:25.515 | INFO     | __main__:_generate_weekly_summaries:150 - Generated summary for Me: Me has had her haircut done. She is happy about it.   Â      for the moment. She feels good about it...
2024-12-23 17:33:25.516 | INFO     | database:store_weekly_summary:217 - Stored weekly summary for contact 2
2024-12-23 17:33:25.517 | INFO     | __main__:_generate_weekly_summaries:146 - Found 1 messages for Mom in week 2018-02-19
2024-12-23 17:33:35.235 | INFO     | __main__:_generate_weekly_summaries:150 - Generated summary for Mom: Mom is waiting for her daughter in the camion. Mom will pick her up soon.   Mom is en the car. Mom's...
2024-12-23 17:33:35.236 | INFO     | database:store_weekly_summary:217 - Stored weekly summary for contact 23
2024-12-23 17:33:35.237 | INFO     | __main__:_generate_weekly_summaries:136 - Processing week: 2018-02-26 to 2018-03-05
2024-12-23 17:33:35.238 | INFO     | __main__:_generate_weekly_summaries:146 - Found 3 messages for Me in week 2018-02-26
2024-12-23 17:33:44.975 | INFO     | __main__:_generate_weekly_summaries:150 - Generated summary for Me: Me was at moo moos and had a lot of fun. Me wants James Peterson or John Grisham to come down to him...
2024-12-23 17:33:44.978 | INFO     | database:store_weekly_summary:217 - Stored weekly summary for contact 2
2024-12-23 17:33:44.979 | INFO     | __main__:_generate_weekly_summaries:146 - Found 1 messages for Mom in week 2018-02-26
2024-12-23 17:33:55.059 | INFO     | __main__:_generate_weekly_summaries:150 - Generated summary for Mom: Mom wants to keep her son Cuidado. Mom likes it. Mom loves Cuidados. Mom is very protective.      Â ...
2024-12-23 17:33:55.061 | INFO     | database:store_weekly_summary:217 - Stored weekly summary for contact 23
2024-12-23 17:33:55.062 | INFO     | __main__:_generate_weekly_summaries:136 - Processing week: 2018-03-05 to 2018-03-12
2024-12-23 17:33:55.064 | INFO     | __main__:_generate_weekly_summaries:136 - Processing week: 2018-03-12 to 2018-03-19
2024-12-23 17:33:55.065 | INFO     | __main__:_generate_weekly_summaries:146 - Found 1 messages for Me in week 2018-03-12
2024-12-23 17:34:04.803 | INFO     | __main__:_generate_weekly_summaries:150 - Generated summary for Me: Me is going to twins house today.    - I'm going to the twins' house. I'm excited about going there....
2024-12-23 17:34:04.804 | INFO     | database:store_weekly_summary:217 - Stored weekly summary for contact 2
2024-12-23 17:34:04.804 | INFO     | __main__:_generate_weekly_summaries:146 - Found 1 messages for Dad in week 2018-03-12
2024-12-23 17:34:14.476 | INFO     | __main__:_generate_weekly_summaries:150 - Generated summary for Dad: Dad wants his son to come home now. He will be home in a few minutes. Dad is waiting for him at home...
2024-12-23 17:34:14.478 | INFO     | database:store_weekly_summary:217 - Stored weekly summary for contact 22
2024-12-23 17:34:14.480 | INFO     | __main__:_generate_weekly_summaries:136 - Processing week: 2018-03-19 to 2018-03-26
2024-12-23 17:34:14.482 | INFO     | __main__:_generate_weekly_summaries:146 - Found 4 messages for Me in week 2018-03-19
2024-12-23 17:34:24.240 | INFO     | __main__:_generate_weekly_summaries:150 - Generated summary for Me: Me doesn't know if they have more screws that is came with, but it doesn't matter to him as he doesn...
2024-12-23 17:34:24.241 | INFO     | database:store_weekly_summary:217 - Stored weekly summary for contact 2
2024-12-23 17:34:24.241 | INFO     | __main__:_generate_weekly_summaries:146 - Found 1 messages for Dad in week 2018-03-19
2024-12-23 17:34:34.005 | INFO     | __main__:_generate_weekly_summaries:150 - Generated summary for Dad: Dad's computer crashed and he's not sure if it did or not. It did, as it said it did, so he doesn't ...
2024-12-23 17:34:34.006 | INFO     | database:store_weekly_summary:217 - Stored weekly summary for contact 22
2024-12-23 17:34:34.007 | INFO     | __main__:_generate_weekly_summaries:146 - Found 2 messages for Mom in week 2018-03-19
2024-12-23 17:34:43.786 | INFO     | __main__:_generate_weekly_summaries:150 - Generated summary for Mom: Mom and her family are sitting in the ratito and llamo. Mom is happy to see them.       .   - Mom's ...
2024-12-23 17:34:43.787 | INFO     | database:store_weekly_summary:217 - Stored weekly summary for contact 23
2024-12-23 17:34:43.788 | INFO     | __main__:_generate_weekly_summaries:136 - Processing week: 2018-03-26 to 2018-04-02
2024-12-23 17:34:43.789 | INFO     | __main__:_generate_weekly_summaries:146 - Found 2 messages for Me in week 2018-03-26
2024-12-23 17:34:53.502 | INFO     | __main__:_generate_weekly_summaries:150 - Generated summary for Me: Me and his brother spent 10 minutes together. Me is very happy about it and wishes him good luck. He...
2024-12-23 17:34:53.506 | INFO     | database:store_weekly_summary:217 - Stored weekly summary for contact 2
2024-12-23 17:34:53.507 | INFO     | __main__:_generate_weekly_summaries:146 - Found 2 messages for Sebastian in week 2018-03-26
2024-12-23 17:35:02.956 | INFO     | __main__:_generate_weekly_summaries:150 - Generated summary for Sebastian: Sebastian wants to make sure his friends are on their way home. They are on the way. Sebastian wants...
2024-12-23 17:35:02.958 | INFO     | database:store_weekly_summary:217 - Stored weekly summary for contact 24
2024-12-23 17:35:02.958 | INFO     | __main__:_generate_weekly_summaries:136 - Processing week: 2018-04-02 to 2018-04-09
2024-12-23 17:35:02.959 | INFO     | __main__:_generate_weekly_summaries:146 - Found 4 messages for Me in week 2018-04-02
2024-12-23 17:35:12.741 | INFO     | __main__:_generate_weekly_summaries:150 - Generated summary for Me: Me brought the donuts downstairs for Me and for Yesto.    - in Spanish: Donde estan las donuts, Me a...
2024-12-23 17:35:12.742 | INFO     | database:store_weekly_summary:217 - Stored weekly summary for contact 2
2024-12-23 17:35:12.743 | INFO     | __main__:_generate_weekly_summaries:146 - Found 2 messages for Mom in week 2018-04-02
2024-12-23 17:35:22.613 | INFO     | __main__:_generate_weekly_summaries:150 - Generated summary for Mom: Mom wants to know what is going on with her family. She wants to have some time alone with her child...
2024-12-23 17:35:22.615 | INFO     | database:store_weekly_summary:217 - Stored weekly summary for contact 23
2024-12-23 17:35:22.616 | INFO     | __main__:_generate_weekly_summaries:136 - Processing week: 2018-04-09 to 2018-04-16
2024-12-23 17:35:22.617 | INFO     | __main__:_generate_weekly_summaries:146 - Found 2 messages for Me in week 2018-04-09
2024-12-23 17:35:32.638 | INFO     | __main__:_generate_weekly_summaries:150 - Generated summary for Me: Me has found her. She will let her in soon.      Â.  She will be waiting for me at the door. Â  ilya...
2024-12-23 17:35:32.640 | INFO     | database:store_weekly_summary:217 - Stored weekly summary for contact 2
2024-12-23 17:35:32.645 | INFO     | __main__:_generate_weekly_summaries:146 - Found 2 messages for Mom in week 2018-04-09
2024-12-23 17:35:42.439 | INFO     | __main__:_generate_weekly_summaries:150 - Generated summary for Mom: Mom asks Carga Tu telefono to pick up the phone. Mom doesn't know how to say it.   Â. Â  ă  Кarga tu...
2024-12-23 17:35:42.440 | INFO     | database:store_weekly_summary:217 - Stored weekly summary for contact 23
2024-12-23 17:35:42.440 | INFO     | __main__:_generate_weekly_summaries:146 - Found 1 messages for Sebastian in week 2018-04-09
2024-12-23 17:35:52.124 | INFO     | __main__:_generate_weekly_summaries:150 - Generated summary for Sebastian: Sebastian has already left to go rowing. Samy is tied up outside because of the fence and Sebastian ...
2024-12-23 17:35:52.126 | INFO     | database:store_weekly_summary:217 - Stored weekly summary for contact 24
2024-12-23 17:35:52.127 | INFO     | __main__:_generate_weekly_summaries:136 - Processing week: 2018-04-16 to 2018-04-23
2024-12-23 17:35:52.130 | INFO     | __main__:_generate_weekly_summaries:136 - Processing week: 2018-04-23 to 2018-04-30
2024-12-23 17:35:52.131 | INFO     | __main__:_generate_weekly_summaries:146 - Found 6 messages for Me in week 2018-04-23
2024-12-23 17:36:01.607 | INFO     | __main__:_generate_weekly_summaries:150 - Generated summary for Me: Zack's baseball got cancelled because of the rain. Anthony lebelarte's dad told him it was cancelled...
2024-12-23 17:36:01.609 | INFO     | database:store_weekly_summary:217 - Stored weekly summary for contact 2
2024-12-23 17:36:01.610 | INFO     | __main__:_generate_weekly_summaries:146 - Found 2 messages for Mom in week 2018-04-23
2024-12-23 17:36:11.482 | INFO     | __main__:_generate_weekly_summaries:150 - Generated summary for Mom: Mom doesn't want to receive an email from her daughter. She doesn't need to respond to the email.   ...
2024-12-23 17:36:11.483 | INFO     | database:store_weekly_summary:217 - Stored weekly summary for contact 23
2024-12-23 17:36:11.483 | INFO     | __main__:_generate_weekly_summaries:146 - Found 3 messages for Sebastian in week 2018-04-23
2024-12-23 17:36:21.402 | INFO     | __main__:_generate_weekly_summaries:150 - Generated summary for Sebastian: Sebastian's mom is taking him to rowing in North Pittsburgh. Samy is outside and Miranda is in girl ...
2024-12-23 17:36:21.404 | INFO     | database:store_weekly_summary:217 - Stored weekly summary for contact 24
2024-12-23 17:36:21.405 | INFO     | __main__:_generate_weekly_summaries:136 - Processing week: 2018-04-30 to 2018-05-07
2024-12-23 17:36:21.407 | INFO     | __main__:_generate_weekly_summaries:146 - Found 10 messages for Me in week 2018-04-30
2024-12-23 17:36:31.209 | INFO     | __main__:_generate_weekly_summaries:150 - Generated summary for Me: Me wants to spend $25 of referee money on Fortnite. He wants to buy the battle pass to get the napol...
2024-12-23 17:36:31.211 | INFO     | database:store_weekly_summary:217 - Stored weekly summary for contact 2
2024-12-23 17:36:31.211 | INFO     | __main__:_generate_weekly_summaries:146 - Found 7 messages for Dad in week 2018-04-30
2024-12-23 17:36:40.780 | INFO     | __main__:_generate_weekly_summaries:150 - Generated summary for Dad: Dad wants to know if his son wants to spend $25 on Fortnite. Dad will call his mom to ask her first....
2024-12-23 17:36:40.781 | INFO     | database:store_weekly_summary:217 - Stored weekly summary for contact 22
2024-12-23 17:36:40.781 | INFO     | __main__:_generate_weekly_summaries:146 - Found 3 messages for Mom in week 2018-04-30
2024-12-23 17:36:50.556 | INFO     | __main__:_generate_weekly_summaries:150 - Generated summary for Mom: Mom and Dad are going to pick up their daughter from school in the camion. Mom has forgotten about t...
2024-12-23 17:36:50.557 | INFO     | database:store_weekly_summary:217 - Stored weekly summary for contact 23
2024-12-23 17:36:50.558 | INFO     | __main__:_generate_weekly_summaries:146 - Found 1 messages for Sebastian in week 2018-04-30
2024-12-23 17:36:59.945 | INFO     | __main__:_generate_weekly_summaries:150 - Generated summary for Sebastian: Sebastian will sell one for $3.50 if he can get two of his friends to buy it for $5, and he'll give ...
2024-12-23 17:36:59.946 | INFO     | database:store_weekly_summary:217 - Stored weekly summary for contact 24
2024-12-23 17:36:59.946 | INFO     | __main__:_generate_weekly_summaries:136 - Processing week: 2018-05-07 to 2018-05-14
2024-12-23 17:36:59.947 | INFO     | __main__:_generate_weekly_summaries:146 - Found 9 messages for Me in week 2018-05-07
2024-12-23 17:37:09.687 | INFO     | __main__:_generate_weekly_summaries:150 - Generated summary for Me: Me and Christian will get one box of pepperoni rolls. Christian is aloud to come over and sleep at M...
2024-12-23 17:37:09.689 | INFO     | database:store_weekly_summary:217 - Stored weekly summary for contact 2
2024-12-23 17:37:09.690 | INFO     | __main__:_generate_weekly_summaries:146 - Found 10 messages for Mom in week 2018-05-07
2024-12-23 17:37:19.103 | INFO     | __main__:_generate_weekly_summaries:150 - Generated summary for Mom: Team pictures will be held on Wednesday May 9th at 6:30 PM at the PT SOCCER COMPLEX. Mom asks her so...
2024-12-23 17:37:19.104 | INFO     | database:store_weekly_summary:217 - Stored weekly summary for contact 23
2024-12-23 17:37:19.105 | INFO     | __main__:_generate_weekly_summaries:136 - Processing week: 2018-05-14 to 2018-05-21
2024-12-23 17:37:19.106 | INFO     | __main__:_generate_weekly_summaries:146 - Found 4 messages for Me in week 2018-05-14
2024-12-23 17:37:28.674 | INFO     | __main__:_generate_weekly_summaries:150 - Generated summary for Me: Me got on the bus and is looking for an adapter for his mic. He wants to buy it on Amazon or ebay.  ...
2024-12-23 17:37:28.675 | INFO     | database:store_weekly_summary:217 - Stored weekly summary for contact 2
2024-12-23 17:37:28.675 | INFO     | __main__:_generate_weekly_summaries:146 - Found 1 messages for Dad in week 2018-05-14
2024-12-23 17:37:39.190 | INFO     | __main__:_generate_weekly_summaries:150 - Generated summary for Dad: Dad is glad that Walmart did have some of the items he wanted at his place.       in stock at the mo...
2024-12-23 17:37:39.191 | INFO     | database:store_weekly_summary:217 - Stored weekly summary for contact 22
2024-12-23 17:37:39.194 | INFO     | __main__:_generate_weekly_summaries:146 - Found 1 messages for Mom in week 2018-05-14
2024-12-23 17:37:48.808 | INFO     | __main__:_generate_weekly_summaries:150 - Generated summary for Mom: Mom sends a message to her mom. Mom is happy to hear it.    ?      .   "Te amo".   Mom is smiling.  ...
2024-12-23 17:37:48.809 | INFO     | database:store_weekly_summary:217 - Stored weekly summary for contact 23
2024-12-23 17:37:48.812 | INFO     | __main__:_generate_weekly_summaries:136 - Processing week: 2018-05-21 to 2018-05-28
2024-12-23 17:37:48.814 | INFO     | __main__:_generate_weekly_summaries:146 - Found 1 messages for Me in week 2018-05-21
2024-12-23 17:37:58.557 | INFO     | __main__:_generate_weekly_summaries:150 - Generated summary for Me: Me will be there in 10 more minutes.    plz.  I will be back in 10 minutes. I have to wait for 10 mo...
2024-12-23 17:37:58.559 | INFO     | database:store_weekly_summary:217 - Stored weekly summary for contact 2
2024-12-23 17:37:58.562 | INFO     | __main__:_generate_weekly_summaries:136 - Processing week: 2018-05-28 to 2018-06-04
2024-12-23 17:37:58.563 | INFO     | __main__:_generate_weekly_summaries:146 - Found 2 messages for Me in week 2018-05-28
2024-12-23 17:38:08.461 | INFO     | __main__:_generate_weekly_summaries:150 - Generated summary for Me: It works in our house now.   It works in the house. It works. It's working in our home now. It worke...
2024-12-23 17:38:08.462 | INFO     | database:store_weekly_summary:217 - Stored weekly summary for contact 2
2024-12-23 17:38:08.463 | INFO     | __main__:_generate_weekly_summaries:146 - Found 1 messages for Dad in week 2018-05-28
2024-12-23 17:38:18.340 | INFO     | __main__:_generate_weekly_summaries:150 - Generated summary for Dad: The Xbox headset adapter is now in the mailbox, according to Dad.       .   for his son.  For more i...
2024-12-23 17:38:18.341 | INFO     | database:store_weekly_summary:217 - Stored weekly summary for contact 22
2024-12-23 17:38:18.343 | INFO     | __main__:_generate_weekly_summaries:136 - Processing week: 2018-06-04 to 2018-06-11
2024-12-23 17:38:18.345 | INFO     | __main__:_generate_weekly_summaries:136 - Processing week: 2018-06-11 to 2018-06-18
2024-12-23 17:38:18.346 | INFO     | __main__:_generate_weekly_summaries:146 - Found 11 messages for Me in week 2018-06-11
2024-12-23 17:38:27.487 | INFO     | __main__:_generate_weekly_summaries:150 - Generated summary for Me: Me's mom let him go downstairs. He will play on the xbox downstairs. The dog is asleep in her cage, ...
2024-12-23 17:38:27.488 | INFO     | database:store_weekly_summary:217 - Stored weekly summary for contact 2
2024-12-23 17:38:27.489 | INFO     | __main__:_generate_weekly_summaries:146 - Found 2 messages for Mom in week 2018-06-11
2024-12-23 17:38:37.187 | INFO     | __main__:_generate_weekly_summaries:150 - Generated summary for Mom: Mom is looking for the name of the author of the book she is interested in reading.   Mom asks Te gu...
2024-12-23 17:38:37.188 | INFO     | database:store_weekly_summary:217 - Stored weekly summary for contact 23
2024-12-23 17:38:37.188 | INFO     | __main__:_generate_weekly_summaries:146 - Found 2 messages for Sebastian in week 2018-06-11
2024-12-23 17:38:46.760 | INFO     | __main__:_generate_weekly_summaries:150 - Generated summary for Sebastian: Sebastian doesn't know where the dog is, because he doesn't have it anymore.    - Sebastian doesn't ...
2024-12-23 17:38:46.761 | INFO     | database:store_weekly_summary:217 - Stored weekly summary for contact 24
2024-12-23 17:38:46.762 | INFO     | __main__:_generate_weekly_summaries:136 - Processing week: 2018-06-18 to 2018-06-25
2024-12-23 17:38:46.762 | INFO     | __main__:_generate_weekly_summaries:146 - Found 3 messages for Me in week 2018-06-18
2024-12-23 17:38:56.689 | INFO     | __main__:_generate_weekly_summaries:150 - Generated summary for Me: Adidas is not under armor. It asks when it was purchased and Me doesn't know that. Me asks him to fi...
2024-12-23 17:38:56.691 | INFO     | database:store_weekly_summary:217 - Stored weekly summary for contact 2
2024-12-23 17:38:56.692 | INFO     | __main__:_generate_weekly_summaries:146 - Found 1 messages for Dad in week 2018-06-18
2024-12-23 17:39:06.800 | INFO     | __main__:_generate_weekly_summaries:150 - Generated summary for Dad: Dad will fill in the form at home. He needs to look for the receipt first.  He will fill it in when ...
2024-12-23 17:39:06.802 | INFO     | database:store_weekly_summary:217 - Stored weekly summary for contact 22
2024-12-23 17:39:06.802 | INFO     | __main__:_generate_weekly_summaries:146 - Found 1 messages for Mom in week 2018-06-18
2024-12-23 17:39:16.831 | INFO     | __main__:_generate_weekly_summaries:150 - Generated summary for Mom: Mom wants to know if she can come to the meeting with her mom. She's not sure.    Mom is fine with t...
2024-12-23 17:39:16.832 | INFO     | database:store_weekly_summary:217 - Stored weekly summary for contact 23
2024-12-23 17:39:16.833 | INFO     | __main__:_generate_weekly_summaries:136 - Processing week: 2018-06-25 to 2018-07-02
2024-12-23 17:39:16.835 | INFO     | __main__:_generate_weekly_summaries:146 - Found 1 messages for Mom in week 2018-06-25
2024-12-23 17:39:26.622 | INFO     | __main__:_generate_weekly_summaries:150 - Generated summary for Mom: Mom wants to know where is her mom. Mom doesn't know where she is. Mom is in Mexico.       Mom's mom...
2024-12-23 17:39:26.623 | INFO     | database:store_weekly_summary:217 - Stored weekly summary for contact 23
2024-12-23 17:39:26.624 | INFO     | __main__:_generate_weekly_summaries:136 - Processing week: 2018-07-02 to 2018-07-09
2024-12-23 17:39:26.627 | INFO     | __main__:_generate_weekly_summaries:136 - Processing week: 2018-07-09 to 2018-07-16
2024-12-23 17:39:26.628 | INFO     | __main__:_generate_weekly_summaries:146 - Found 1 messages for Me in week 2018-07-09
2024-12-23 17:43:42.365 | INFO     | __main__:__init__:16 - Initializing Message Processor
2024-12-23 17:43:42.369 | INFO     | database:setup_database:79 - Database initialized successfully
2024-12-23 17:43:42.369 | INFO     | summarizer_utils:__init__:14 - Initializing summarization models...
2024-12-23 17:43:47.193 | INFO     | summarizer_utils:__init__:31 - Models loaded successfully
2024-12-23 17:43:47.193 | INFO     | __main__:process_messages:23 - Starting message processing
2024-12-23 17:43:47.653 | INFO     | __main__:process_messages:28 - No new messages to process
2024-12-23 17:45:14.300 | INFO     | __main__:__init__:16 - Initializing Message Processor
2024-12-23 17:45:14.303 | INFO     | database:setup_database:79 - Database initialized successfully
2024-12-23 17:45:14.303 | INFO     | summarizer_utils:__init__:14 - Initializing summarization models...
2024-12-23 17:45:18.840 | INFO     | summarizer_utils:__init__:31 - Models loaded successfully
2024-12-23 17:45:18.840 | INFO     | __main__:process_messages:23 - Starting message processing
2024-12-23 17:45:18.840 | INFO     | __main__:process_messages:26 - Exporting raw conversations...
2024-12-23 17:45:18.845 | INFO     | __main__:export_raw_conversations:252 - Exported conversations for Damien
2024-12-23 17:45:18.891 | INFO     | __main__:export_raw_conversations:252 - Exported conversations for Me
2024-12-23 17:45:18.892 | INFO     | __main__:export_raw_conversations:252 - Exported conversations for +19192145402
2024-12-23 17:45:18.892 | INFO     | __main__:export_raw_conversations:252 - Exported conversations for 31354
2024-12-23 17:45:18.892 | INFO     | __main__:export_raw_conversations:252 - Exported conversations for 22000
2024-12-23 17:45:18.893 | INFO     | __main__:export_raw_conversations:252 - Exported conversations for +18573131377
2024-12-23 17:45:18.893 | INFO     | __main__:export_raw_conversations:252 - Exported conversations for John Liu
2024-12-23 17:45:18.893 | INFO     | __main__:export_raw_conversations:252 - Exported conversations for Sarah Yim
2024-12-23 17:45:18.893 | INFO     | __main__:export_raw_conversations:252 - Exported conversations for Frankie
2024-12-23 17:45:18.894 | INFO     | __main__:export_raw_conversations:252 - Exported conversations for Elena (MKTG)
2024-12-23 17:45:18.894 | INFO     | __main__:export_raw_conversations:252 - Exported conversations for 22395
2024-12-23 17:45:18.898 | INFO     | __main__:export_raw_conversations:252 - Exported conversations for Tim Tran
2024-12-23 17:45:18.899 | INFO     | __main__:export_raw_conversations:252 - Exported conversations for +18555029352
2024-12-23 17:45:18.899 | INFO     | __main__:export_raw_conversations:252 - Exported conversations for +12138037227
2024-12-23 17:45:18.901 | INFO     | __main__:export_raw_conversations:252 - Exported conversations for Miranda Campos
2024-12-23 17:45:18.901 | INFO     | __main__:export_raw_conversations:252 - Exported conversations for Mariko Grim
2024-12-23 17:45:18.902 | INFO     | __main__:export_raw_conversations:252 - Exported conversations for +17174663834
2024-12-23 17:45:18.902 | INFO     | __main__:export_raw_conversations:252 - Exported conversations for Dom Parise
2024-12-23 17:45:18.902 | INFO     | __main__:export_raw_conversations:252 - Exported conversations for +12484220529
2024-12-23 17:45:18.903 | INFO     | __main__:export_raw_conversations:252 - Exported conversations for Tia Arely
2024-12-23 17:45:18.904 | INFO     | __main__:export_raw_conversations:252 - Exported conversations for Katie (tinder)
2024-12-23 17:45:18.914 | INFO     | __main__:export_raw_conversations:252 - Exported conversations for Dad
2024-12-23 17:45:18.933 | INFO     | __main__:export_raw_conversations:252 - Exported conversations for Mom
2024-12-23 17:45:18.952 | INFO     | __main__:export_raw_conversations:252 - Exported conversations for Sebastian
2024-12-23 17:45:18.953 | INFO     | __main__:export_raw_conversations:252 - Exported conversations for +18573989811
2024-12-23 17:45:18.953 | INFO     | __main__:export_raw_conversations:252 - Exported conversations for +18577463909
2024-12-23 17:45:18.953 | INFO     | __main__:export_raw_conversations:252 - Exported conversations for Madi Hensler
2024-12-23 17:45:18.954 | INFO     | __main__:export_raw_conversations:252 - Exported conversations for Patrick (T Mobile)
2024-12-23 17:45:18.954 | INFO     | __main__:export_raw_conversations:252 - Exported conversations for +18774971611
2024-12-23 17:45:18.955 | INFO     | __main__:export_raw_conversations:252 - Exported conversations for +15705237813
2024-12-23 17:45:18.963 | INFO     | __main__:export_raw_conversations:252 - Exported conversations for Daniel Ip
2024-12-23 17:45:18.963 | INFO     | __main__:export_raw_conversations:252 - Exported conversations for Professor Loessi
2024-12-23 17:45:18.963 | INFO     | __main__:export_raw_conversations:252 - Exported conversations for Aber
2024-12-23 17:45:18.964 | INFO     | __main__:export_raw_conversations:252 - Exported conversations for 678910
2024-12-23 17:45:18.964 | INFO     | __main__:export_raw_conversations:252 - Exported conversations for 38792
2024-12-23 17:45:18.964 | INFO     | __main__:export_raw_conversations:252 - Exported conversations for +18576885799
2024-12-23 17:45:18.964 | INFO     | __main__:export_raw_conversations:252 - Exported conversations for 40404
2024-12-23 17:45:18.964 | INFO     | __main__:export_raw_conversations:252 - Exported conversations for +14807412449
2024-12-23 17:45:18.964 | INFO     | __main__:export_raw_conversations:252 - Exported conversations for 87424
2024-12-23 17:45:18.965 | INFO     | __main__:export_raw_conversations:252 - Exported conversations for +18556974436
2024-12-23 17:45:18.965 | INFO     | __main__:export_raw_conversations:252 - Exported conversations for +18339219645
2024-12-23 17:45:18.966 | INFO     | __main__:export_raw_conversations:252 - Exported conversations for Xander Hoke
2024-12-23 17:45:18.966 | INFO     | __main__:export_raw_conversations:252 - Exported conversations for +16192453152
2024-12-23 17:45:18.966 | INFO     | __main__:export_raw_conversations:252 - Exported conversations for +19177461844
2024-12-23 17:45:18.967 | INFO     | __main__:export_raw_conversations:252 - Exported conversations for Katie Ghobrial
2024-12-23 17:45:18.967 | INFO     | __main__:export_raw_conversations:252 - Exported conversations for 59089
2024-12-23 17:45:18.967 | INFO     | __main__:export_raw_conversations:252 - Exported conversations for +18186519207
2024-12-23 17:45:18.967 | INFO     | __main__:export_raw_conversations:252 - Exported conversations for Simon Hadeed
2024-12-23 17:45:18.967 | INFO     | __main__:export_raw_conversations:252 - Exported conversations for +16198864147
2024-12-23 17:45:18.967 | INFO     | __main__:export_raw_conversations:252 - Exported conversations for Will Anderson
2024-12-23 17:45:18.968 | INFO     | __main__:export_raw_conversations:252 - Exported conversations for +16176317488
2024-12-23 17:45:18.968 | INFO     | __main__:export_raw_conversations:252 - Exported conversations for +16175101188
2024-12-23 17:45:18.968 | INFO     | __main__:export_raw_conversations:252 - Exported conversations for +12169041439
2024-12-23 17:45:18.968 | INFO     | __main__:export_raw_conversations:252 - Exported conversations for +19088095028
2024-12-23 17:45:18.968 | INFO     | __main__:export_raw_conversations:252 - Exported conversations for +15082715094
2024-12-23 17:45:18.969 | INFO     | __main__:export_raw_conversations:252 - Exported conversations for +19548499312
2024-12-23 17:45:18.969 | INFO     | __main__:export_raw_conversations:252 - Exported conversations for +12343802544
2024-12-23 17:45:18.969 | INFO     | __main__:export_raw_conversations:252 - Exported conversations for +18453928087
2024-12-23 17:45:18.970 | INFO     | __main__:export_raw_conversations:252 - Exported conversations for +17244692779
2024-12-23 17:45:18.970 | INFO     | __main__:export_raw_conversations:252 - Exported conversations for 62438
2024-12-23 17:45:18.970 | INFO     | __main__:export_raw_conversations:252 - Exported conversations for +18779385705
2024-12-23 17:45:18.970 | INFO     | __main__:export_raw_conversations:252 - Exported conversations for 733863
2024-12-23 17:45:18.971 | INFO     | __main__:export_raw_conversations:252 - Exported conversations for +18622109593
2024-12-23 17:45:18.971 | INFO     | __main__:export_raw_conversations:252 - Exported conversations for 28581
2024-12-23 17:45:18.971 | INFO     | __main__:export_raw_conversations:252 - Exported conversations for +19152782000
2024-12-23 17:45:18.971 | INFO     | __main__:export_raw_conversations:252 - Exported conversations for +12053015290
2024-12-23 17:45:18.972 | INFO     | __main__:export_raw_conversations:252 - Exported conversations for +12014623963
2024-12-23 17:45:18.972 | INFO     | __main__:export_raw_conversations:252 - Exported conversations for +15864604838
2024-12-23 17:45:18.972 | INFO     | __main__:export_raw_conversations:252 - Exported conversations for +18334172274
2024-12-23 17:45:18.972 | INFO     | __main__:export_raw_conversations:252 - Exported conversations for Sasha
2024-12-23 17:45:18.972 | INFO     | __main__:export_raw_conversations:252 - Exported conversations for 51648
2024-12-23 17:45:18.973 | INFO     | __main__:export_raw_conversations:252 - Exported conversations for 51592
2024-12-23 17:45:18.973 | INFO     | __main__:export_raw_conversations:252 - Exported conversations for +18624658667
2024-12-23 17:45:18.973 | INFO     | __main__:process_messages:28 - Raw conversations exported successfully
2024-12-23 17:45:19.102 | INFO     | __main__:process_messages:33 - No new messages to process
2024-12-23 17:50:19.593 | INFO     | __main__:__init__:16 - Initializing Message Processor
2024-12-23 17:50:19.595 | INFO     | database:setup_database:79 - Database initialized successfully
2024-12-23 17:50:19.595 | INFO     | summarizer_utils:__init__:14 - Initializing summarization models...
2024-12-23 17:50:24.216 | INFO     | summarizer_utils:__init__:31 - Models loaded successfully
2024-12-23 17:50:24.217 | INFO     | __main__:process_messages:23 - Starting message processing
2024-12-23 17:50:24.217 | INFO     | __main__:process_messages:26 - Exporting raw conversations...
2024-12-23 17:50:24.226 | INFO     | __main__:export_raw_conversations:254 - Exported conversations for Damien
2024-12-23 17:50:24.280 | INFO     | __main__:export_raw_conversations:254 - Exported conversations for Me
2024-12-23 17:50:24.281 | INFO     | __main__:export_raw_conversations:254 - Exported conversations for +19192145402
2024-12-23 17:50:24.281 | INFO     | __main__:export_raw_conversations:254 - Exported conversations for 31354
2024-12-23 17:50:24.281 | INFO     | __main__:export_raw_conversations:254 - Exported conversations for 22000
2024-12-23 17:50:24.281 | INFO     | __main__:export_raw_conversations:254 - Exported conversations for +18573131377
2024-12-23 17:50:24.282 | INFO     | __main__:export_raw_conversations:254 - Exported conversations for John Liu
2024-12-23 17:50:24.282 | INFO     | __main__:export_raw_conversations:254 - Exported conversations for Sarah Yim
2024-12-23 17:50:24.282 | INFO     | __main__:export_raw_conversations:254 - Exported conversations for Frankie
2024-12-23 17:50:24.282 | INFO     | __main__:export_raw_conversations:254 - Exported conversations for Elena (MKTG)
2024-12-23 17:50:24.282 | INFO     | __main__:export_raw_conversations:254 - Exported conversations for 22395
2024-12-23 17:50:24.288 | INFO     | __main__:export_raw_conversations:254 - Exported conversations for Tim Tran
2024-12-23 17:50:24.289 | INFO     | __main__:export_raw_conversations:254 - Exported conversations for +18555029352
2024-12-23 17:50:24.289 | INFO     | __main__:export_raw_conversations:254 - Exported conversations for +12138037227
2024-12-23 17:50:24.291 | INFO     | __main__:export_raw_conversations:254 - Exported conversations for Miranda Campos
2024-12-23 17:50:24.292 | INFO     | __main__:export_raw_conversations:254 - Exported conversations for Mariko Grim
2024-12-23 17:50:24.292 | INFO     | __main__:export_raw_conversations:254 - Exported conversations for +17174663834
2024-12-23 17:50:24.293 | INFO     | __main__:export_raw_conversations:254 - Exported conversations for Dom Parise
2024-12-23 17:50:24.293 | INFO     | __main__:export_raw_conversations:254 - Exported conversations for +12484220529
2024-12-23 17:50:24.294 | INFO     | __main__:export_raw_conversations:254 - Exported conversations for Tia Arely
2024-12-23 17:50:24.295 | INFO     | __main__:export_raw_conversations:254 - Exported conversations for Katie (tinder)
2024-12-23 17:50:24.307 | INFO     | __main__:export_raw_conversations:254 - Exported conversations for Dad
2024-12-23 17:50:24.330 | INFO     | __main__:export_raw_conversations:254 - Exported conversations for Mom
2024-12-23 17:50:24.355 | INFO     | __main__:export_raw_conversations:254 - Exported conversations for Sebastian
2024-12-23 17:50:24.355 | INFO     | __main__:export_raw_conversations:254 - Exported conversations for +18573989811
2024-12-23 17:50:24.356 | INFO     | __main__:export_raw_conversations:254 - Exported conversations for +18577463909
2024-12-23 17:50:24.356 | INFO     | __main__:export_raw_conversations:254 - Exported conversations for Madi Hensler
2024-12-23 17:50:24.356 | INFO     | __main__:export_raw_conversations:254 - Exported conversations for Patrick (T Mobile)
2024-12-23 17:50:24.357 | INFO     | __main__:export_raw_conversations:254 - Exported conversations for +18774971611
2024-12-23 17:50:24.357 | INFO     | __main__:export_raw_conversations:254 - Exported conversations for +15705237813
2024-12-23 17:50:24.366 | INFO     | __main__:export_raw_conversations:254 - Exported conversations for Daniel Ip
2024-12-23 17:50:24.367 | INFO     | __main__:export_raw_conversations:254 - Exported conversations for Professor Loessi
2024-12-23 17:50:24.367 | INFO     | __main__:export_raw_conversations:254 - Exported conversations for Aber
2024-12-23 17:50:24.367 | INFO     | __main__:export_raw_conversations:254 - Exported conversations for 678910
2024-12-23 17:50:24.368 | INFO     | __main__:export_raw_conversations:254 - Exported conversations for 38792
2024-12-23 17:50:24.368 | INFO     | __main__:export_raw_conversations:254 - Exported conversations for +18576885799
2024-12-23 17:50:24.368 | INFO     | __main__:export_raw_conversations:254 - Exported conversations for 40404
2024-12-23 17:50:24.368 | INFO     | __main__:export_raw_conversations:254 - Exported conversations for +14807412449
2024-12-23 17:50:24.368 | INFO     | __main__:export_raw_conversations:254 - Exported conversations for 87424
2024-12-23 17:50:24.369 | INFO     | __main__:export_raw_conversations:254 - Exported conversations for +18556974436
2024-12-23 17:50:24.369 | INFO     | __main__:export_raw_conversations:254 - Exported conversations for +18339219645
2024-12-23 17:50:24.370 | INFO     | __main__:export_raw_conversations:254 - Exported conversations for Xander Hoke
2024-12-23 17:50:24.370 | INFO     | __main__:export_raw_conversations:254 - Exported conversations for +16192453152
2024-12-23 17:50:24.370 | INFO     | __main__:export_raw_conversations:254 - Exported conversations for +19177461844
2024-12-23 17:50:24.371 | INFO     | __main__:export_raw_conversations:254 - Exported conversations for Katie Ghobrial
2024-12-23 17:50:24.371 | INFO     | __main__:export_raw_conversations:254 - Exported conversations for 59089
2024-12-23 17:50:24.371 | INFO     | __main__:export_raw_conversations:254 - Exported conversations for +18186519207
2024-12-23 17:50:24.371 | INFO     | __main__:export_raw_conversations:254 - Exported conversations for Simon Hadeed
2024-12-23 17:50:24.371 | INFO     | __main__:export_raw_conversations:254 - Exported conversations for +16198864147
2024-12-23 17:50:24.372 | INFO     | __main__:export_raw_conversations:254 - Exported conversations for Will Anderson
2024-12-23 17:50:24.372 | INFO     | __main__:export_raw_conversations:254 - Exported conversations for +16176317488
2024-12-23 17:50:24.372 | INFO     | __main__:export_raw_conversations:254 - Exported conversations for +16175101188
2024-12-23 17:50:24.372 | INFO     | __main__:export_raw_conversations:254 - Exported conversations for +12169041439
2024-12-23 17:50:24.372 | INFO     | __main__:export_raw_conversations:254 - Exported conversations for +19088095028
2024-12-23 17:50:24.373 | INFO     | __main__:export_raw_conversations:254 - Exported conversations for +15082715094
2024-12-23 17:50:24.373 | INFO     | __main__:export_raw_conversations:254 - Exported conversations for +19548499312
2024-12-23 17:50:24.373 | INFO     | __main__:export_raw_conversations:254 - Exported conversations for +12343802544
2024-12-23 17:50:24.373 | INFO     | __main__:export_raw_conversations:254 - Exported conversations for +18453928087
2024-12-23 17:50:24.374 | INFO     | __main__:export_raw_conversations:254 - Exported conversations for +17244692779
2024-12-23 17:50:24.374 | INFO     | __main__:export_raw_conversations:254 - Exported conversations for 62438
2024-12-23 17:50:24.375 | INFO     | __main__:export_raw_conversations:254 - Exported conversations for +18779385705
2024-12-23 17:50:24.375 | INFO     | __main__:export_raw_conversations:254 - Exported conversations for 733863
2024-12-23 17:50:24.375 | INFO     | __main__:export_raw_conversations:254 - Exported conversations for +18622109593
2024-12-23 17:50:24.375 | INFO     | __main__:export_raw_conversations:254 - Exported conversations for 28581
2024-12-23 17:50:24.375 | INFO     | __main__:export_raw_conversations:254 - Exported conversations for +19152782000
2024-12-23 17:50:24.375 | INFO     | __main__:export_raw_conversations:254 - Exported conversations for +12053015290
2024-12-23 17:50:24.376 | INFO     | __main__:export_raw_conversations:254 - Exported conversations for +12014623963
2024-12-23 17:50:24.376 | INFO     | __main__:export_raw_conversations:254 - Exported conversations for +15864604838
2024-12-23 17:50:24.376 | INFO     | __main__:export_raw_conversations:254 - Exported conversations for +18334172274
2024-12-23 17:50:24.376 | INFO     | __main__:export_raw_conversations:254 - Exported conversations for Sasha
2024-12-23 17:50:24.376 | INFO     | __main__:export_raw_conversations:254 - Exported conversations for 51648
2024-12-23 17:50:24.377 | INFO     | __main__:export_raw_conversations:254 - Exported conversations for 51592
2024-12-23 17:50:24.377 | INFO     | __main__:export_raw_conversations:254 - Exported conversations for +18624658667
2024-12-23 17:50:24.377 | INFO     | __main__:process_messages:28 - Raw conversations exported successfully
2024-12-23 17:50:24.520 | INFO     | __main__:process_messages:33 - No new messages to process
2024-12-23 17:52:17.160 | INFO     | __main__:__init__:16 - Initializing Message Processor
2024-12-23 17:52:17.163 | INFO     | database:setup_database:79 - Database initialized successfully
2024-12-23 17:52:17.163 | INFO     | summarizer_utils:__init__:14 - Initializing summarization models...
2024-12-23 17:52:21.954 | INFO     | summarizer_utils:__init__:31 - Models loaded successfully
2024-12-23 17:52:21.954 | INFO     | __main__:process_messages:23 - Starting message processing
2024-12-23 17:52:21.954 | INFO     | __main__:process_messages:26 - Exporting raw conversations...
2024-12-23 17:52:21.959 | INFO     | __main__:export_raw_conversations:254 - Exported conversations for Damien
2024-12-23 17:52:22.013 | INFO     | __main__:export_raw_conversations:254 - Exported conversations for Me
2024-12-23 17:52:22.013 | INFO     | __main__:export_raw_conversations:254 - Exported conversations for +19192145402
2024-12-23 17:52:22.014 | INFO     | __main__:export_raw_conversations:254 - Exported conversations for 31354
2024-12-23 17:52:22.014 | INFO     | __main__:export_raw_conversations:254 - Exported conversations for 22000
2024-12-23 17:52:22.014 | INFO     | __main__:export_raw_conversations:254 - Exported conversations for +18573131377
2024-12-23 17:52:22.015 | INFO     | __main__:export_raw_conversations:254 - Exported conversations for John Liu
2024-12-23 17:52:22.015 | INFO     | __main__:export_raw_conversations:254 - Exported conversations for Sarah Yim
2024-12-23 17:52:22.015 | INFO     | __main__:export_raw_conversations:254 - Exported conversations for Frankie
2024-12-23 17:52:22.015 | INFO     | __main__:export_raw_conversations:254 - Exported conversations for Elena (MKTG)
2024-12-23 17:52:22.016 | INFO     | __main__:export_raw_conversations:254 - Exported conversations for 22395
2024-12-23 17:52:22.020 | INFO     | __main__:export_raw_conversations:254 - Exported conversations for Tim Tran
2024-12-23 17:52:22.021 | INFO     | __main__:export_raw_conversations:254 - Exported conversations for +18555029352
2024-12-23 17:52:22.021 | INFO     | __main__:export_raw_conversations:254 - Exported conversations for +12138037227
2024-12-23 17:52:22.022 | INFO     | __main__:export_raw_conversations:254 - Exported conversations for Miranda Campos
2024-12-23 17:52:22.023 | INFO     | __main__:export_raw_conversations:254 - Exported conversations for Mariko Grim
2024-12-23 17:52:22.023 | INFO     | __main__:export_raw_conversations:254 - Exported conversations for +17174663834
2024-12-23 17:52:22.024 | INFO     | __main__:export_raw_conversations:254 - Exported conversations for Dom Parise
2024-12-23 17:52:22.024 | INFO     | __main__:export_raw_conversations:254 - Exported conversations for +12484220529
2024-12-23 17:52:22.024 | INFO     | __main__:export_raw_conversations:254 - Exported conversations for Tia Arely
2024-12-23 17:52:22.025 | INFO     | __main__:export_raw_conversations:254 - Exported conversations for Katie (tinder)
2024-12-23 17:52:22.035 | INFO     | __main__:export_raw_conversations:254 - Exported conversations for Dad
2024-12-23 17:52:22.055 | INFO     | __main__:export_raw_conversations:254 - Exported conversations for Mom
2024-12-23 17:52:22.076 | INFO     | __main__:export_raw_conversations:254 - Exported conversations for Sebastian
2024-12-23 17:52:22.077 | INFO     | __main__:export_raw_conversations:254 - Exported conversations for +18573989811
2024-12-23 17:52:22.077 | INFO     | __main__:export_raw_conversations:254 - Exported conversations for +18577463909
2024-12-23 17:52:22.077 | INFO     | __main__:export_raw_conversations:254 - Exported conversations for Madi Hensler
2024-12-23 17:52:22.078 | INFO     | __main__:export_raw_conversations:254 - Exported conversations for Patrick (T Mobile)
2024-12-23 17:52:22.078 | INFO     | __main__:export_raw_conversations:254 - Exported conversations for +18774971611
2024-12-23 17:52:22.078 | INFO     | __main__:export_raw_conversations:254 - Exported conversations for +15705237813
2024-12-23 17:52:22.087 | INFO     | __main__:export_raw_conversations:254 - Exported conversations for Daniel Ip
2024-12-23 17:52:22.087 | INFO     | __main__:export_raw_conversations:254 - Exported conversations for Professor Loessi
2024-12-23 17:52:22.088 | INFO     | __main__:export_raw_conversations:254 - Exported conversations for Aber
2024-12-23 17:52:22.088 | INFO     | __main__:export_raw_conversations:254 - Exported conversations for 678910
2024-12-23 17:52:22.088 | INFO     | __main__:export_raw_conversations:254 - Exported conversations for 38792
2024-12-23 17:52:22.088 | INFO     | __main__:export_raw_conversations:254 - Exported conversations for +18576885799
2024-12-23 17:52:22.088 | INFO     | __main__:export_raw_conversations:254 - Exported conversations for 40404
2024-12-23 17:52:22.088 | INFO     | __main__:export_raw_conversations:254 - Exported conversations for +14807412449
2024-12-23 17:52:22.089 | INFO     | __main__:export_raw_conversations:254 - Exported conversations for 87424
2024-12-23 17:52:22.089 | INFO     | __main__:export_raw_conversations:254 - Exported conversations for +18556974436
2024-12-23 17:52:22.089 | INFO     | __main__:export_raw_conversations:254 - Exported conversations for +18339219645
2024-12-23 17:52:22.090 | INFO     | __main__:export_raw_conversations:254 - Exported conversations for Xander Hoke
2024-12-23 17:52:22.090 | INFO     | __main__:export_raw_conversations:254 - Exported conversations for +16192453152
2024-12-23 17:52:22.090 | INFO     | __main__:export_raw_conversations:254 - Exported conversations for +19177461844
2024-12-23 17:52:22.091 | INFO     | __main__:export_raw_conversations:254 - Exported conversations for Katie Ghobrial
2024-12-23 17:52:22.091 | INFO     | __main__:export_raw_conversations:254 - Exported conversations for 59089
2024-12-23 17:52:22.091 | INFO     | __main__:export_raw_conversations:254 - Exported conversations for +18186519207
2024-12-23 17:52:22.091 | INFO     | __main__:export_raw_conversations:254 - Exported conversations for Simon Hadeed
2024-12-23 17:52:22.091 | INFO     | __main__:export_raw_conversations:254 - Exported conversations for +16198864147
2024-12-23 17:52:22.092 | INFO     | __main__:export_raw_conversations:254 - Exported conversations for Will Anderson
2024-12-23 17:52:22.092 | INFO     | __main__:export_raw_conversations:254 - Exported conversations for +16176317488
2024-12-23 17:52:22.092 | INFO     | __main__:export_raw_conversations:254 - Exported conversations for +16175101188
2024-12-23 17:52:22.092 | INFO     | __main__:export_raw_conversations:254 - Exported conversations for +12169041439
2024-12-23 17:52:22.092 | INFO     | __main__:export_raw_conversations:254 - Exported conversations for +19088095028
2024-12-23 17:52:22.092 | INFO     | __main__:export_raw_conversations:254 - Exported conversations for +15082715094
2024-12-23 17:52:22.093 | INFO     | __main__:export_raw_conversations:254 - Exported conversations for +19548499312
2024-12-23 17:52:22.093 | INFO     | __main__:export_raw_conversations:254 - Exported conversations for +12343802544
2024-12-23 17:52:22.093 | INFO     | __main__:export_raw_conversations:254 - Exported conversations for +18453928087
2024-12-23 17:52:22.094 | INFO     | __main__:export_raw_conversations:254 - Exported conversations for +17244692779
2024-12-23 17:52:22.094 | INFO     | __main__:export_raw_conversations:254 - Exported conversations for 62438
2024-12-23 17:52:22.094 | INFO     | __main__:export_raw_conversations:254 - Exported conversations for +18779385705
2024-12-23 17:52:22.094 | INFO     | __main__:export_raw_conversations:254 - Exported conversations for 733863
2024-12-23 17:52:22.094 | INFO     | __main__:export_raw_conversations:254 - Exported conversations for +18622109593
2024-12-23 17:52:22.094 | INFO     | __main__:export_raw_conversations:254 - Exported conversations for 28581
2024-12-23 17:52:22.095 | INFO     | __main__:export_raw_conversations:254 - Exported conversations for +19152782000
2024-12-23 17:52:22.095 | INFO     | __main__:export_raw_conversations:254 - Exported conversations for +12053015290
2024-12-23 17:52:22.095 | INFO     | __main__:export_raw_conversations:254 - Exported conversations for +12014623963
2024-12-23 17:52:22.095 | INFO     | __main__:export_raw_conversations:254 - Exported conversations for +15864604838
2024-12-23 17:52:22.095 | INFO     | __main__:export_raw_conversations:254 - Exported conversations for +18334172274
2024-12-23 17:52:22.095 | INFO     | __main__:export_raw_conversations:254 - Exported conversations for Sasha
2024-12-23 17:52:22.096 | INFO     | __main__:export_raw_conversations:254 - Exported conversations for 51648
2024-12-23 17:52:22.096 | INFO     | __main__:export_raw_conversations:254 - Exported conversations for 51592
2024-12-23 17:52:22.096 | INFO     | __main__:export_raw_conversations:254 - Exported conversations for +18624658667
2024-12-23 17:52:22.096 | INFO     | __main__:process_messages:28 - Raw conversations exported successfully
2024-12-23 17:52:22.219 | INFO     | __main__:process_messages:33 - No new messages to process
2024-12-23 17:53:32.154 | INFO     | __main__:__init__:16 - Initializing Message Processor
2024-12-23 17:53:32.157 | INFO     | database:setup_database:79 - Database initialized successfully
2024-12-23 17:53:32.157 | INFO     | summarizer_utils:__init__:14 - Initializing summarization models...
2024-12-23 17:53:36.631 | INFO     | summarizer_utils:__init__:31 - Models loaded successfully
2024-12-23 17:53:36.631 | INFO     | __main__:process_messages:23 - Starting message processing
2024-12-23 17:53:36.631 | INFO     | __main__:process_messages:26 - Exporting raw conversations...
2024-12-23 17:53:36.648 | INFO     | __main__:export_raw_conversations:254 - Exported conversations for Damien
2024-12-23 17:53:36.696 | INFO     | __main__:export_raw_conversations:254 - Exported conversations for Me
2024-12-23 17:53:36.698 | INFO     | __main__:export_raw_conversations:254 - Exported conversations for +19192145402
2024-12-23 17:53:36.700 | INFO     | __main__:export_raw_conversations:254 - Exported conversations for 31354
2024-12-23 17:53:36.701 | INFO     | __main__:export_raw_conversations:254 - Exported conversations for 22000
2024-12-23 17:53:36.703 | INFO     | __main__:export_raw_conversations:254 - Exported conversations for +18573131377
2024-12-23 17:53:36.704 | INFO     | __main__:export_raw_conversations:254 - Exported conversations for John Liu
2024-12-23 17:53:36.705 | INFO     | __main__:export_raw_conversations:254 - Exported conversations for Sarah Yim
2024-12-23 17:53:36.707 | INFO     | __main__:export_raw_conversations:254 - Exported conversations for Frankie
2024-12-23 17:53:36.708 | INFO     | __main__:export_raw_conversations:254 - Exported conversations for Elena (MKTG)
2024-12-23 17:53:36.710 | INFO     | __main__:export_raw_conversations:254 - Exported conversations for 22395
2024-12-23 17:53:36.722 | INFO     | __main__:export_raw_conversations:254 - Exported conversations for Tim Tran
2024-12-23 17:53:36.725 | INFO     | __main__:export_raw_conversations:254 - Exported conversations for +18555029352
2024-12-23 17:53:36.726 | INFO     | __main__:export_raw_conversations:254 - Exported conversations for +12138037227
2024-12-23 17:53:36.734 | INFO     | __main__:export_raw_conversations:254 - Exported conversations for Miranda Campos
2024-12-23 17:53:36.736 | INFO     | __main__:export_raw_conversations:254 - Exported conversations for Mariko Grim
2024-12-23 17:53:36.738 | INFO     | __main__:export_raw_conversations:254 - Exported conversations for +17174663834
2024-12-23 17:53:36.740 | INFO     | __main__:export_raw_conversations:254 - Exported conversations for Dom Parise
2024-12-23 17:53:36.741 | INFO     | __main__:export_raw_conversations:254 - Exported conversations for +12484220529
2024-12-23 17:53:36.743 | INFO     | __main__:export_raw_conversations:254 - Exported conversations for Tia Arely
2024-12-23 17:53:36.745 | INFO     | __main__:export_raw_conversations:254 - Exported conversations for Katie (tinder)
2024-12-23 17:53:36.766 | INFO     | __main__:export_raw_conversations:254 - Exported conversations for Dad
2024-12-23 17:53:36.804 | INFO     | __main__:export_raw_conversations:254 - Exported conversations for Mom
2024-12-23 17:53:36.838 | INFO     | __main__:export_raw_conversations:254 - Exported conversations for Sebastian
2024-12-23 17:53:36.842 | INFO     | __main__:export_raw_conversations:254 - Exported conversations for +18573989811
2024-12-23 17:53:36.843 | INFO     | __main__:export_raw_conversations:254 - Exported conversations for +18577463909
2024-12-23 17:53:36.844 | INFO     | __main__:export_raw_conversations:254 - Exported conversations for Madi Hensler
2024-12-23 17:53:36.846 | INFO     | __main__:export_raw_conversations:254 - Exported conversations for Patrick (T Mobile)
2024-12-23 17:53:36.847 | INFO     | __main__:export_raw_conversations:254 - Exported conversations for +18774971611
2024-12-23 17:53:36.849 | INFO     | __main__:export_raw_conversations:254 - Exported conversations for +15705237813
2024-12-23 17:53:36.866 | INFO     | __main__:export_raw_conversations:254 - Exported conversations for Daniel Ip
2024-12-23 17:53:36.868 | INFO     | __main__:export_raw_conversations:254 - Exported conversations for Professor Loessi
2024-12-23 17:53:36.869 | INFO     | __main__:export_raw_conversations:254 - Exported conversations for Aber
2024-12-23 17:53:36.870 | INFO     | __main__:export_raw_conversations:254 - Exported conversations for 678910
2024-12-23 17:53:36.871 | INFO     | __main__:export_raw_conversations:254 - Exported conversations for 38792
2024-12-23 17:53:36.872 | INFO     | __main__:export_raw_conversations:254 - Exported conversations for +18576885799
2024-12-23 17:53:36.873 | INFO     | __main__:export_raw_conversations:254 - Exported conversations for 40404
2024-12-23 17:53:36.875 | INFO     | __main__:export_raw_conversations:254 - Exported conversations for +14807412449
2024-12-23 17:53:36.876 | INFO     | __main__:export_raw_conversations:254 - Exported conversations for 87424
2024-12-23 17:53:36.877 | INFO     | __main__:export_raw_conversations:254 - Exported conversations for +18556974436
2024-12-23 17:53:36.879 | INFO     | __main__:export_raw_conversations:254 - Exported conversations for +18339219645
2024-12-23 17:53:36.880 | INFO     | __main__:export_raw_conversations:254 - Exported conversations for Xander Hoke
2024-12-23 17:53:36.881 | INFO     | __main__:export_raw_conversations:254 - Exported conversations for +16192453152
2024-12-23 17:53:36.883 | INFO     | __main__:export_raw_conversations:254 - Exported conversations for +19177461844
2024-12-23 17:53:36.884 | INFO     | __main__:export_raw_conversations:254 - Exported conversations for Katie Ghobrial
2024-12-23 17:53:36.885 | INFO     | __main__:export_raw_conversations:254 - Exported conversations for 59089
2024-12-23 17:53:36.887 | INFO     | __main__:export_raw_conversations:254 - Exported conversations for +18186519207
2024-12-23 17:53:36.888 | INFO     | __main__:export_raw_conversations:254 - Exported conversations for Simon Hadeed
2024-12-23 17:53:36.889 | INFO     | __main__:export_raw_conversations:254 - Exported conversations for +16198864147
2024-12-23 17:53:36.891 | INFO     | __main__:export_raw_conversations:254 - Exported conversations for Will Anderson
2024-12-23 17:53:36.892 | INFO     | __main__:export_raw_conversations:254 - Exported conversations for +16176317488
2024-12-23 17:53:36.893 | INFO     | __main__:export_raw_conversations:254 - Exported conversations for +16175101188
2024-12-23 17:53:36.894 | INFO     | __main__:export_raw_conversations:254 - Exported conversations for +12169041439
2024-12-23 17:53:36.896 | INFO     | __main__:export_raw_conversations:254 - Exported conversations for +19088095028
2024-12-23 17:53:36.897 | INFO     | __main__:export_raw_conversations:254 - Exported conversations for +15082715094
2024-12-23 17:53:36.898 | INFO     | __main__:export_raw_conversations:254 - Exported conversations for +19548499312
2024-12-23 17:53:36.899 | INFO     | __main__:export_raw_conversations:254 - Exported conversations for +12343802544
2024-12-23 17:53:36.900 | INFO     | __main__:export_raw_conversations:254 - Exported conversations for +18453928087
2024-12-23 17:53:36.902 | INFO     | __main__:export_raw_conversations:254 - Exported conversations for +17244692779
2024-12-23 17:53:36.904 | INFO     | __main__:export_raw_conversations:254 - Exported conversations for 62438
2024-12-23 17:53:36.905 | INFO     | __main__:export_raw_conversations:254 - Exported conversations for +18779385705
2024-12-23 17:53:36.906 | INFO     | __main__:export_raw_conversations:254 - Exported conversations for 733863
2024-12-23 17:53:36.907 | INFO     | __main__:export_raw_conversations:254 - Exported conversations for +18622109593
2024-12-23 17:53:36.908 | INFO     | __main__:export_raw_conversations:254 - Exported conversations for 28581
2024-12-23 17:53:36.909 | INFO     | __main__:export_raw_conversations:254 - Exported conversations for +19152782000
2024-12-23 17:53:36.911 | INFO     | __main__:export_raw_conversations:254 - Exported conversations for +12053015290
2024-12-23 17:53:36.912 | INFO     | __main__:export_raw_conversations:254 - Exported conversations for +12014623963
2024-12-23 17:53:36.913 | INFO     | __main__:export_raw_conversations:254 - Exported conversations for +15864604838
2024-12-23 17:53:36.914 | INFO     | __main__:export_raw_conversations:254 - Exported conversations for +18334172274
2024-12-23 17:53:36.915 | INFO     | __main__:export_raw_conversations:254 - Exported conversations for Sasha
2024-12-23 17:53:36.917 | INFO     | __main__:export_raw_conversations:254 - Exported conversations for 51648
2024-12-23 17:53:36.918 | INFO     | __main__:export_raw_conversations:254 - Exported conversations for 51592
2024-12-23 17:53:36.919 | INFO     | __main__:export_raw_conversations:254 - Exported conversations for +18624658667
2024-12-23 17:53:36.919 | INFO     | __main__:process_messages:28 - Raw conversations exported successfully
2024-12-23 17:53:37.044 | INFO     | __main__:process_messages:33 - No new messages to process
